0x80000000 (0x00021297) x5  0x80021000
0x80000004 (0x88828293) x5  0x80020888
0x80000008 (0x30529073)
0x8000000c (0x3050e073)
0x80000010 (0x00021297) x5  0x80021010
0x80000014 (0xae028293) x5  0x80020af0
0x80000018 (0x00021317) x6  0x80021018
0x8000001c (0xb1430313) x6  0x80020b2c
0x80000020 (0x00021e17) x28 0x80021020
0x80000024 (0x850e0e13) x28 0x80020870
0x80000028 (0x00100393) x7  0x00000001
0x8000002c (0x007e2023) mem 0x80020870 0x00000001
0x80000030 (0x0002a023) mem 0x80020af0 0x00000000
0x80000034 (0x00428293) x5  0x80020af4
0x80000038 (0xfe62ece3)
0x80000030 (0x0002a023) mem 0x80020af4 0x00000000
0x80000034 (0x00428293) x5  0x80020af8
0x80000038 (0xfe62ece3)
0x80000030 (0x0002a023) mem 0x80020af8 0x00000000
0x80000034 (0x00428293) x5  0x80020afc
0x80000038 (0xfe62ece3)
0x80000030 (0x0002a023) mem 0x80020afc 0x00000000
0x80000034 (0x00428293) x5  0x80020b00
0x80000038 (0xfe62ece3)
0x80000030 (0x0002a023) mem 0x80020b00 0x00000000
0x80000034 (0x00428293) x5  0x80020b04
0x80000038 (0xfe62ece3)
0x80000030 (0x0002a023) mem 0x80020b04 0x00000000
0x80000034 (0x00428293) x5  0x80020b08
0x80000038 (0xfe62ece3)
0x80000030 (0x0002a023) mem 0x80020b08 0x00000000
0x80000034 (0x00428293) x5  0x80020b0c
0x80000038 (0xfe62ece3)
0x80000030 (0x0002a023) mem 0x80020b0c 0x00000000
0x80000034 (0x00428293) x5  0x80020b10
0x80000038 (0xfe62ece3)
0x80000030 (0x0002a023) mem 0x80020b10 0x00000000
0x80000034 (0x00428293) x5  0x80020b14
0x80000038 (0xfe62ece3)
0x80000030 (0x0002a023) mem 0x80020b14 0x00000000
0x80000034 (0x00428293) x5  0x80020b18
0x80000038 (0xfe62ece3)
0x80000030 (0x0002a023) mem 0x80020b18 0x00000000
0x80000034 (0x00428293) x5  0x80020b1c
0x80000038 (0xfe62ece3)
0x80000030 (0x0002a023) mem 0x80020b1c 0x00000000
0x80000034 (0x00428293) x5  0x80020b20
0x80000038 (0xfe62ece3)
0x80000030 (0x0002a023) mem 0x80020b20 0x00000000
0x80000034 (0x00428293) x5  0x80020b24
0x80000038 (0xfe62ece3)
0x80000030 (0x0002a023) mem 0x80020b24 0x00000000
0x80000034 (0x00428293) x5  0x80020b28
0x80000038 (0xfe62ece3)
0x80000030 (0x0002a023) mem 0x80020b28 0x00000000
0x80000034 (0x00428293) x5  0x80020b2c
0x80000038 (0xfe62ece3)
0x8000003c (0x00040117) x2  0x8004003c
0x80000040 (0xfc410113) x2  0x80040000
0x80000044 (0x008000ef) x1  0x80000048
0x8000004c (0x80020537) x10 0x80020000
0x80000050 (0xff010113) x2  0x8003fff0
0x80000054 (0x02050513) x10 0x80020020
0x80000058 (0x00112623) mem 0x8003fffc 0x80000048
0x8000005c (0x00000097) x1  0x8000005c
0x80000060 (0x100080e7) x1  0x80000064
0x8000015c (0x800207b7) x15 0x80020000
0x80000160 (0x00050593) x11 0x80020020
0x80000164 (0x0147a503) x10 0x80020040 mem 0x80020014
0x80000168 (0xf29ff06f)
0x80000090 (0xfc010113) x2  0x8003ffb0
0x80000094 (0x02812c23) mem 0x8003ffe8 0x00000000
0x80000098 (0x00050413) x8  0x80020040
0x8000009c (0x00058513) x10 0x80020020
0x800000a0 (0x02912a23) mem 0x8003ffe4 0x00000000
0x800000a4 (0x02112e23) mem 0x8003ffec 0x80000064
0x800000a8 (0x00058493) x9  0x80020020
0x800000ac (0x0c0000ef) x1  0x800000b0
0x8000016c (0x00357793) x15 0x00000000
0x80000170 (0x00050713) x14 0x80020020
0x80000174 (0x04079c63)
0x80000178 (0x7f7f86b7) x13 0x7f7f8000
0x8000017c (0xf7f68693) x13 0x7f7f7f7f
0x80000180 (0xfff00593) x11 0xffffffff
0x80000184 (0x00072603) x12 0x69766964 mem 0x80020020
0x80000188 (0x00470713) x14 0x80020024
0x8000018c (0x00d677b3) x15 0x69766964
0x80000190 (0x00d787b3) x15 0xe8f5e8e3
0x80000194 (0x00c7e7b3) x15 0xe9f7e9e7
0x80000198 (0x00d7e7b3) x15 0xffffffff
0x8000019c (0xfeb784e3)
0x80000184 (0x00072603) x12 0x6c626973 mem 0x80020024
0x80000188 (0x00470713) x14 0x80020028
0x8000018c (0x00d677b3) x15 0x6c626973
0x80000190 (0x00d787b3) x15 0xebe1e8f2
0x80000194 (0x00c7e7b3) x15 0xefe3e9f3
0x80000198 (0x00d7e7b3) x15 0xffffffff
0x8000019c (0xfeb784e3)
0x80000184 (0x00072603) x12 0x00000065 mem 0x80020028
0x80000188 (0x00470713) x14 0x8002002c
0x8000018c (0x00d677b3) x15 0x00000065
0x80000190 (0x00d787b3) x15 0x7f7f7fe4
0x80000194 (0x00c7e7b3) x15 0x7f7f7fe5
0x80000198 (0x00d7e7b3) x15 0x7f7f7fff
0x8000019c (0xfeb784e3)
0x800001a0 (0xffc74683) x13 0x00000065 mem 0x80020028
0x800001a4 (0x40a707b3) x15 0x0000000c
0x800001a8 (0x04068463)
0x800001ac (0xffd74683) x13 0x00000000 mem 0x80020029
0x800001b0 (0x02068c63)
0x800001e8 (0xffd78513) x10 0x00000009
0x800001ec (0x00008067)
0x800000b0 (0x800207b7) x15 0x80020000
0x800000b4 (0x03c78793) x15 0x8002003c
0x800000b8 (0x02f12423) mem 0x8003ffd8 0x8002003c
0x800000bc (0x00100793) x15 0x00000001
0x800000c0 (0x02f12623) mem 0x8003ffdc 0x00000001
0x800000c4 (0x03842703) x14 0x00000000 mem 0x80020078
0x800000c8 (0x02010793) x15 0x8003ffd0
0x800000cc (0x00150693) x13 0x0000000a
0x800000d0 (0x00f12a23) mem 0x8003ffc4 0x8003ffd0
0x800000d4 (0x00200793) x15 0x00000002
0x800000d8 (0x02912023) mem 0x8003ffd0 0x80020020
0x800000dc (0x02a12223) mem 0x8003ffd4 0x00000009
0x800000e0 (0x00d12e23) mem 0x8003ffcc 0x0000000a
0x800000e4 (0x00f12c23) mem 0x8003ffc8 0x00000002
0x800000e8 (0x00842583) x11 0x80020394 mem 0x80020048
0x800000ec (0x04070e63)
0x80000148 (0x00040513) x10 0x80020040
0x8000014c (0x00b12623) mem 0x8003ffbc 0x80020394
0x80000150 (0x400000ef) x1  0x80000154
0x80000550 (0x03852783) x15 0x00000000 mem 0x80020078
0x80000554 (0x00078463)
0x8000055c (0xcb9ff06f)
0x80000214 (0xfe010113) x2  0x8003ff90
0x80000218 (0x800007b7) x15 0x80000000
0x8000021c (0x00112e23) mem 0x8003ffac 0x80000154
0x80000220 (0x00812c23) mem 0x8003ffa8 0x80020040
0x80000224 (0x00912a23) mem 0x8003ffa4 0x80020020
0x80000228 (0x01212823) mem 0x8003ffa0 0x00000000
0x8000022c (0x01312623) mem 0x8003ff9c 0x00000000
0x80000230 (0x01412423) mem 0x8003ff98 0x00000000
0x80000234 (0x01512223) mem 0x8003ff94 0x00000000
0x80000238 (0x01612023) mem 0x8003ff90 0x00000000
0x8000023c (0x00452403) x8  0x8002032c mem 0x80020044
0x80000240 (0x20078793) x15 0x80000200
0x80000244 (0x02f52e23) mem 0x8002007c 0x80000200
0x80000248 (0x2ec50713) x14 0x8002032c
0x8000024c (0x00300793) x15 0x00000003
0x80000250 (0x2ee52423) mem 0x80020328 0x8002032c
0x80000254 (0x2ef52223) mem 0x80020324 0x00000003
0x80000258 (0x2e052023) mem 0x80020320 0x00000000
0x8000025c (0x00400793) x15 0x00000004
0x80000260 (0x00050913) x18 0x80020040
0x80000264 (0x00f42623) mem 0x80020338 0x00000004
0x80000268 (0x00800613) x12 0x00000008
0x8000026c (0x00000593) x11 0x00000000
0x80000270 (0x06042223) mem 0x80020390 0x00000000
0x80000274 (0x00042023) mem 0x8002032c 0x00000000
0x80000278 (0x00042223) mem 0x80020330 0x00000000
0x8000027c (0x00042423) mem 0x80020334 0x00000000
0x80000280 (0x00042823) mem 0x8002033c 0x00000000
0x80000284 (0x00042a23) mem 0x80020340 0x00000000
0x80000288 (0x00042c23) mem 0x80020344 0x00000000
0x8000028c (0x05c40513) x10 0x80020388
0x80000290 (0x3ec010ef) x1  0x80000294
0x8000167c (0x00f00313) x6  0x0000000f
0x80001680 (0x00050713) x14 0x80020388
0x80001684 (0x02c37e63)
0x800016c0 (0x40c306b3) x13 0x00000007
0x800016c4 (0x00269693) x13 0x0000001c
0x800016c8 (0x00000297) x5  0x800016c8
0x800016cc (0x005686b3) x13 0x800016e4
0x800016d0 (0x00c68067)
0x800016f0 (0x00b703a3) mem 0x8002038f 0x00
0x800016f4 (0x00b70323) mem 0x8002038e 0x00
0x800016f8 (0x00b702a3) mem 0x8002038d 0x00
0x800016fc (0x00b70223) mem 0x8002038c 0x00
0x80001700 (0x00b701a3) mem 0x8002038b 0x00
0x80001704 (0x00b70123) mem 0x8002038a 0x00
0x80001708 (0x00b700a3) mem 0x80020389 0x00
0x8000170c (0x00b70023) mem 0x80020388 0x00
0x80001710 (0x00008067)
0x80000294 (0x80002b37) x22 0x80002000
0x80000298 (0x00892483) x9  0x80020394 mem 0x80020048
0x8000029c (0x80002ab7) x21 0x80002000
0x800002a0 (0x80002a37) x20 0x80002000
0x800002a4 (0x800029b7) x19 0x80002000
0x800002a8 (0xd1cb0b13) x22 0x80001d1c
0x800002ac (0xd80a8a93) x21 0x80001d80
0x800002b0 (0xe08a0a13) x20 0x80001e08
0x800002b4 (0xe7098993) x19 0x80001e70
0x800002b8 (0x000107b7) x15 0x00010000
0x800002bc (0x03642023) mem 0x8002034c 0x80001d1c
0x800002c0 (0x03542223) mem 0x80020350 0x80001d80
0x800002c4 (0x03442423) mem 0x80020354 0x80001e08
0x800002c8 (0x03342623) mem 0x80020358 0x80001e70
0x800002cc (0x00842e23) mem 0x80020348 0x8002032c
0x800002d0 (0x00978793) x15 0x00010009
0x800002d4 (0x00f4a623) mem 0x800203a0 0x00010009
0x800002d8 (0x00800613) x12 0x00000008
0x800002dc (0x00000593) x11 0x00000000
0x800002e0 (0x0604a223) mem 0x800203f8 0x00000000
0x800002e4 (0x0004a023) mem 0x80020394 0x00000000
0x800002e8 (0x0004a223) mem 0x80020398 0x00000000
0x800002ec (0x0004a423) mem 0x8002039c 0x00000000
0x800002f0 (0x0004a823) mem 0x800203a4 0x00000000
0x800002f4 (0x0004aa23) mem 0x800203a8 0x00000000
0x800002f8 (0x0004ac23) mem 0x800203ac 0x00000000
0x800002fc (0x05c48513) x10 0x800203f0
0x80000300 (0x37c010ef) x1  0x80000304
0x8000167c (0x00f00313) x6  0x0000000f
0x80001680 (0x00050713) x14 0x800203f0
0x80001684 (0x02c37e63)
0x800016c0 (0x40c306b3) x13 0x00000007
0x800016c4 (0x00269693) x13 0x0000001c
0x800016c8 (0x00000297) x5  0x800016c8
0x800016cc (0x005686b3) x13 0x800016e4
0x800016d0 (0x00c68067)
0x800016f0 (0x00b703a3) mem 0x800203f7 0x00
0x800016f4 (0x00b70323) mem 0x800203f6 0x00
0x800016f8 (0x00b702a3) mem 0x800203f5 0x00
0x800016fc (0x00b70223) mem 0x800203f4 0x00
0x80001700 (0x00b701a3) mem 0x800203f3 0x00
0x80001704 (0x00b70123) mem 0x800203f2 0x00
0x80001708 (0x00b700a3) mem 0x800203f1 0x00
0x8000170c (0x00b70023) mem 0x800203f0 0x00
0x80001710 (0x00008067)
0x80000304 (0x00c92403) x8  0x800203fc mem 0x8002004c
0x80000308 (0x000207b7) x15 0x00020000
0x8000030c (0x0364a023) mem 0x800203b4 0x80001d1c
0x80000310 (0x0354a223) mem 0x800203b8 0x80001d80
0x80000314 (0x0344a423) mem 0x800203bc 0x80001e08
0x80000318 (0x0334a623) mem 0x800203c0 0x80001e70
0x8000031c (0x0094ae23) mem 0x800203b0 0x80020394
0x80000320 (0x01278793) x15 0x00020012
0x80000324 (0x00f42623) mem 0x80020408 0x00020012
0x80000328 (0x06042223) mem 0x80020460 0x00000000
0x8000032c (0x00042023) mem 0x800203fc 0x00000000
0x80000330 (0x00042223) mem 0x80020400 0x00000000
0x80000334 (0x00042423) mem 0x80020404 0x00000000
0x80000338 (0x00042823) mem 0x8002040c 0x00000000
0x8000033c (0x00042a23) mem 0x80020410 0x00000000
0x80000340 (0x00042c23) mem 0x80020414 0x00000000
0x80000344 (0x05c40513) x10 0x80020458
0x80000348 (0x00800613) x12 0x00000008
0x8000034c (0x00000593) x11 0x00000000
0x80000350 (0x32c010ef) x1  0x80000354
0x8000167c (0x00f00313) x6  0x0000000f
0x80001680 (0x00050713) x14 0x80020458
0x80001684 (0x02c37e63)
0x800016c0 (0x40c306b3) x13 0x00000007
0x800016c4 (0x00269693) x13 0x0000001c
0x800016c8 (0x00000297) x5  0x800016c8
0x800016cc (0x005686b3) x13 0x800016e4
0x800016d0 (0x00c68067)
0x800016f0 (0x00b703a3) mem 0x8002045f 0x00
0x800016f4 (0x00b70323) mem 0x8002045e 0x00
0x800016f8 (0x00b702a3) mem 0x8002045d 0x00
0x800016fc (0x00b70223) mem 0x8002045c 0x00
0x80001700 (0x00b701a3) mem 0x8002045b 0x00
0x80001704 (0x00b70123) mem 0x8002045a 0x00
0x80001708 (0x00b700a3) mem 0x80020459 0x00
0x8000170c (0x00b70023) mem 0x80020458 0x00
0x80001710 (0x00008067)
0x80000354 (0x01c12083) x1  0x80000154 mem 0x8003ffac
0x80000358 (0x03642023) mem 0x8002041c 0x80001d1c
0x8000035c (0x03542223) mem 0x80020420 0x80001d80
0x80000360 (0x03442423) mem 0x80020424 0x80001e08
0x80000364 (0x03342623) mem 0x80020428 0x80001e70
0x80000368 (0x00842e23) mem 0x80020418 0x800203fc
0x8000036c (0x01812403) x8  0x80020040 mem 0x8003ffa8
0x80000370 (0x00100793) x15 0x00000001
0x80000374 (0x02f92c23) mem 0x80020078 0x00000001
0x80000378 (0x01412483) x9  0x80020020 mem 0x8003ffa4
0x8000037c (0x01012903) x18 0x00000000 mem 0x8003ffa0
0x80000380 (0x00c12983) x19 0x00000000 mem 0x8003ff9c
0x80000384 (0x00812a03) x20 0x00000000 mem 0x8003ff98
0x80000388 (0x00412a83) x21 0x00000000 mem 0x8003ff94
0x8000038c (0x00012b03) x22 0x00000000 mem 0x8003ff90
0x80000390 (0x02010113) x2  0x8003ffb0
0x80000394 (0x00008067)
0x80000154 (0x00c12583) x11 0x80020394 mem 0x8003ffbc
0x80000158 (0xf99ff06f)
0x800000f0 (0x00c59783) x15 0x00000009 mem 0x800203a0
0x800000f4 (0x01279713) x14 0x00240000
0x800000f8 (0x02074263)
0x800000fc (0x0645a703) x14 0x00000000 mem 0x800203f8
0x80000100 (0x000026b7) x13 0x00002000
0x80000104 (0x00d7e7b3) x15 0x00002009
0x80000108 (0xffffe6b7) x13 0xffffe000
0x8000010c (0xfff68693) x13 0xffffdfff
0x80000110 (0x00d77733) x14 0x00000000
0x80000114 (0x00f59623) mem 0x800203a0 0x2009
0x80000118 (0x06e5a223) mem 0x800203f8 0x00000000
0x8000011c (0x01410613) x12 0x8003ffc4
0x80000120 (0x00040513) x10 0x80020040
0x80000124 (0x474000ef) x1  0x80000128
0x80000598 (0x00862783) x15 0x0000000a mem 0x8003ffcc
0x8000059c (0x32078063)
0x800005a0 (0x00c5d683) x13 0x00002009 mem 0x800203a0
0x800005a4 (0xfd010113) x2  0x8003ff80
0x800005a8 (0x02812423) mem 0x8003ffa8 0x80020040
0x800005ac (0x01412c23) mem 0x8003ff98 0x00000000
0x800005b0 (0x01712623) mem 0x8003ff8c 0x00000000
0x800005b4 (0x02112623) mem 0x8003ffac 0x80000128
0x800005b8 (0x02912223) mem 0x8003ffa4 0x80020020
0x800005bc (0x03212023) mem 0x8003ffa0 0x00000000
0x800005c0 (0x01312e23) mem 0x8003ff9c 0x00000000
0x800005c4 (0x01512a23) mem 0x8003ff94 0x00000000
0x800005c8 (0x01612823) mem 0x8003ff90 0x00000000
0x800005cc (0x01812423) mem 0x8003ff88 0x00000000
0x800005d0 (0x01912223) mem 0x8003ff84 0x00000000
0x800005d4 (0x01a12023) mem 0x8003ff80 0x00000000
0x800005d8 (0x0086f793) x15 0x00000008
0x800005dc (0x00060b93) x23 0x8003ffc4
0x800005e0 (0x00050a13) x20 0x80020040
0x800005e4 (0x00058413) x8  0x80020394
0x800005e8 (0x08078663)
0x800005ec (0x0105a783) x15 0x00000000 mem 0x800203a4
0x800005f0 (0x08078263)
0x80000674 (0x00040593) x11 0x80020394
0x80000678 (0x000a0513) x10 0x80020040
0x8000067c (0x069010ef) x1  0x80000680
0x80001ee4 (0x800207b7) x15 0x80020000
0x80001ee8 (0x0147a783) x15 0x80020040 mem 0x80020014
0x80001eec (0xff010113) x2  0x8003ff70
0x80001ef0 (0x00812423) mem 0x8003ff78 0x80020394
0x80001ef4 (0x00912223) mem 0x8003ff74 0x80020020
0x80001ef8 (0x00112623) mem 0x8003ff7c 0x80000680
0x80001efc (0x00050493) x9  0x80020040
0x80001f00 (0x00058413) x8  0x80020394
0x80001f04 (0x00078663)
0x80001f08 (0x0387a703) x14 0x00000001 mem 0x80020078
0x80001f0c (0x08070463)
0x80001f10 (0x00c41703) x14 0x00002009 mem 0x800203a0
0x80001f14 (0x01071793) x15 0x20090000
0x80001f18 (0x00877693) x13 0x00000008
0x80001f1c (0x0107d793) x15 0x00002009
0x80001f20 (0x08068863)
0x80001f24 (0x01042683) x13 0x00000000 mem 0x800203a4
0x80001f28 (0x0a068863)
0x80001fd8 (0x2807f613) x12 0x00000000
0x80001fdc (0x20000593) x11 0x00000200
0x80001fe0 (0xf4b606e3)
0x80001fe4 (0x00040593) x11 0x80020394
0x80001fe8 (0x00048513) x10 0x80020040
0x80001fec (0x1ed000ef) x1  0x80001ff0
0x800029d8 (0x00c5d783) x15 0x00002009 mem 0x800203a0
0x800029dc (0xf8010113) x2  0x8003fef0
0x800029e0 (0x06812c23) mem 0x8003ff68 0x80020394
0x800029e4 (0x06112e23) mem 0x8003ff6c 0x80001ff0
0x800029e8 (0x06912a23) mem 0x8003ff64 0x80020040
0x800029ec (0x07212823) mem 0x8003ff60 0x00000000
0x800029f0 (0x07312623) mem 0x8003ff5c 0x00000000
0x800029f4 (0x07412423) mem 0x8003ff58 0x80020040
0x800029f8 (0x0027f713) x14 0x00000000
0x800029fc (0x00058413) x8  0x80020394
0x80002a00 (0x02070c63)
0x80002a38 (0x00e59583) x11 0x00000001 mem 0x800203a2
0x80002a3c (0x00050493) x9  0x80020040
0x80002a40 (0x0805cc63)
0x80002a44 (0x00810613) x12 0x8003fef8
0x80002a48 (0x41c000ef) x1  0x80002a4c
0x80002e64 (0xff010113) x2  0x8003fee0
0x80002e68 (0x00058713) x14 0x00000001
0x80002e6c (0x00812423) mem 0x8003fee8 0x80020394
0x80002e70 (0x00912223) mem 0x8003fee4 0x80020040
0x80002e74 (0x00050413) x8  0x80020040
0x80002e78 (0x800214b7) x9  0x80021000
0x80002e7c (0x00060593) x11 0x8003fef8
0x80002e80 (0x00070513) x10 0x00000001
0x80002e84 (0x00112623) mem 0x8003feec 0x80002a4c
0x80002e88 (0xae04ae23) mem 0x80020afc 0x00000000
0x80002e8c (0x0f0000ef) x1  0x80002e90
0x80002f7c (0xfff00513) x10 0xffffffff
0x80002f80 (0x00008067)
0x80002e90 (0xfff00793) x15 0xffffffff
0x80002e94 (0x00f50c63)
0x80002eac (0xafc4a783) x15 0x00000000 mem 0x80020afc
0x80002eb0 (0xfe0784e3)
0x80002e98 (0x00c12083) x1  0x80002a4c mem 0x8003feec
0x80002e9c (0x00812403) x8  0x80020394 mem 0x8003fee8
0x80002ea0 (0x00412483) x9  0x80020040 mem 0x8003fee4
0x80002ea4 (0x01010113) x2  0x8003fef0
0x80002ea8 (0x00008067)
0x80002a4c (0x08054463)
0x80002ad4 (0x00c45783) x15 0x00002009 mem 0x800203a0
0x80002ad8 (0x0807f793) x15 0x00000000
0x80002adc (0x00000913) x18 0x00000000
0x80002ae0 (0x04078663)
0x80002b2c (0x40000a13) x20 0x00000400
0x80002b30 (0x00000993) x19 0x00000000
0x80002b34 (0xf41ff06f)
0x80002a74 (0x000a0593) x11 0x00000400
0x80002a78 (0x00048513) x10 0x80020040
0x80002a7c (0x924fe0ef) x1  0x80002a80
0x80000ba0 (0xfd010113) x2  0x8003fec0
0x80000ba4 (0x01312e23) mem 0x8003fedc 0x00000000
0x80000ba8 (0x02112623) mem 0x8003feec 0x80002a80
0x80000bac (0x02812423) mem 0x8003fee8 0x80020394
0x80000bb0 (0x02912223) mem 0x8003fee4 0x80020040
0x80000bb4 (0x03212023) mem 0x8003fee0 0x00000000
0x80000bb8 (0x01412c23) mem 0x8003fed8 0x00000400
0x80000bbc (0x01512a23) mem 0x8003fed4 0x00000000
0x80000bc0 (0x01612823) mem 0x8003fed0 0x00000000
0x80000bc4 (0x01712623) mem 0x8003fecc 0x8003ffc4
0x80000bc8 (0x01812423) mem 0x8003fec8 0x00000000
0x80000bcc (0x01912223) mem 0x8003fec4 0x00000000
0x80000bd0 (0x01a12023) mem 0x8003fec0 0x00000000
0x80000bd4 (0x00b58793) x15 0x0000040b
0x80000bd8 (0x01600713) x14 0x00000016
0x80000bdc (0x00050993) x19 0x80020040
0x80000be0 (0x06f76663)
0x80000c4c (0xff87f493) x9  0x00000408
0x80000c50 (0x1807c263)
0x80000c54 (0x18b4e063)
0x80000c58 (0x301000ef) x1  0x80000c5c
0x80001758 (0x00008067)
0x80000c5c (0x1f700793) x15 0x000001f7
0x80000c60 (0x4697fe63)
0x80000c64 (0x0094d793) x15 0x00000002
0x80000c68 (0x1a078863)
0x80000c6c (0x00400713) x14 0x00000004
0x80000c70 (0x3ef76463)
0x80000c74 (0x0064d793) x15 0x00000010
0x80000c78 (0x03978613) x12 0x00000049
0x80000c7c (0x03878513) x10 0x00000048
0x80000c80 (0x00361693) x13 0x00000248
0x80000c84 (0x80020937) x18 0x80020000
0x80000c88 (0x46890913) x18 0x80020468
0x80000c8c (0x00d906b3) x13 0x800206b0
0x80000c90 (0x0046a403) x8  0x800206a8 mem 0x800206b4
0x80000c94 (0xff868693) x13 0x800206a8
0x80000c98 (0x02868663)
0x80000cc4 (0x01092403) x8  0x80020470 mem 0x80020478
0x80000cc8 (0x00890893) x17 0x80020470
0x80000ccc (0x17140a63)
0x80000e40 (0x00492703) x14 0x00000000 mem 0x8002046c
0x80000e44 (0x40265793) x15 0x00000012
0x80000e48 (0x00100593) x11 0x00000001
0x80000e4c (0x00f595b3) x11 0x00040000
0x80000e50 (0xeeb77ae3)
0x80000e54 (0x00892403) x8  0x80020468 mem 0x80020470
0x80000e58 (0x00442b03) x22 0x00000000 mem 0x8002046c
0x80000e5c (0xffcb7b13) x22 0x00000000
0x80000e60 (0x009b6863)
0x80000e70 (0x80020c37) x24 0x80020000
0x80000e74 (0x800217b7) x15 0x80021000
0x80000e78 (0x018c0c13) x24 0x80020018
0x80000e7c (0xaf87aa83) x21 0x00000000 mem 0x80020af8
0x80000e80 (0x000c2703) x14 0xffffffff mem 0x80020018
0x80000e84 (0xfff00793) x15 0xffffffff
0x80000e88 (0x01640cb3) x25 0x80020468
0x80000e8c (0x01548ab3) x21 0x00000408
0x80000e90 (0x34f70e63)
0x800011ec (0x010a8a93) x21 0x00000418
0x800011f0 (0xcb9ff06f)
0x80000ea8 (0x000a8593) x11 0x00000418
0x80000eac (0x00098513) x10 0x80020040
0x80000eb0 (0x60d000ef) x1  0x80000eb4
0x80001cbc (0xff010113) x2  0x8003feb0
0x80001cc0 (0x00812423) mem 0x8003feb8 0x80020468
0x80001cc4 (0x00912223) mem 0x8003feb4 0x00000408
0x80001cc8 (0x00050413) x8  0x80020040
0x80001ccc (0x800214b7) x9  0x80021000
0x80001cd0 (0x00058513) x10 0x00000418
0x80001cd4 (0x00112623) mem 0x8003febc 0x80000eb4
0x80001cd8 (0xae04ae23) mem 0x80020afc 0x00000000
0x80001cdc (0x314010ef) x1  0x80001ce0
0x80002ff0 (0x800216b7) x13 0x80021000
0x80002ff4 (0xb006a783) x15 0x00000000 mem 0x80020b00
0x80002ff8 (0x02078063)
0x80003018 (0x800217b7) x15 0x80021000
0x8000301c (0xb2c78713) x14 0x80020b2c
0x80003020 (0xb0e6a023) mem 0x80020b00 0x80020b2c
0x80003024 (0xb2c78793) x15 0x80020b2c
0x80003028 (0x80040737) x14 0x80040000
0x8000302c (0x00a78533) x10 0x80020f44
0x80003030 (0x00070713) x14 0x80040000
0x80003034 (0xfce54ce3)
0x8000300c (0xb0a6a023) mem 0x80020b00 0x80020f44
0x80003010 (0x00078513) x10 0x80020b2c
0x80003014 (0x00008067)
0x80001ce0 (0xfff00793) x15 0xffffffff
0x80001ce4 (0x00f50c63)
0x80001ce8 (0x00c12083) x1  0x80000eb4 mem 0x8003febc
0x80001cec (0x00812403) x8  0x80020468 mem 0x8003feb8
0x80001cf0 (0x00412483) x9  0x00000408 mem 0x8003feb4
0x80001cf4 (0x01010113) x2  0x8003fec0
0x80001cf8 (0x00008067)
0x80000eb4 (0xfff00793) x15 0xffffffff
0x80000eb8 (0x00050b93) x23 0x80020b2c
0x80000ebc (0x2af50063)
0x80000ec0 (0x29956c63)
0x80000ec4 (0x80021d37) x26 0x80021000
0x80000ec8 (0xb04d0d13) x26 0x80020b04
0x80000ecc (0x000d2a03) x20 0x00000000 mem 0x80020b04
0x80000ed0 (0x014a8a33) x20 0x00000418
0x80000ed4 (0x014d2023) mem 0x80020b04 0x00000418
0x80000ed8 (0x000a0793) x15 0x00000418
0x80000edc (0x3aac8863)
0x80000ee0 (0x000c2683) x13 0xffffffff mem 0x80020018
0x80000ee4 (0xfff00713) x14 0xffffffff
0x80000ee8 (0x3ce68063)
0x800012a8 (0x017c2023) mem 0x80020018 0x80020b2c
0x800012ac (0xc4dff06f)
0x80000ef8 (0x007bfc13) x24 0x00000004
0x80000efc (0x300c0a63)
0x80000f00 (0x000017b7) x15 0x00001000
0x80000f04 (0x418b8bb3) x23 0x80020b28
0x80000f08 (0x00878a13) x20 0x00001008
0x80000f0c (0x008b8b93) x23 0x80020b30
0x80000f10 (0x418a0a33) x20 0x00001004
0x80000f14 (0x015b8ab3) x21 0x80020f48
0x80000f18 (0xfff78793) x15 0x00000fff
0x80000f1c (0x415a0a33) x20 0x7ffe00bc
0x80000f20 (0x00fa7a33) x20 0x000000bc
0x80000f24 (0x000a0593) x11 0x000000bc
0x80000f28 (0x00098513) x10 0x80020040
0x80000f2c (0x591000ef) x1  0x80000f30
0x80001cbc (0xff010113) x2  0x8003feb0
0x80001cc0 (0x00812423) mem 0x8003feb8 0x80020468
0x80001cc4 (0x00912223) mem 0x8003feb4 0x00000408
0x80001cc8 (0x00050413) x8  0x80020040
0x80001ccc (0x800214b7) x9  0x80021000
0x80001cd0 (0x00058513) x10 0x000000bc
0x80001cd4 (0x00112623) mem 0x8003febc 0x80000f30
0x80001cd8 (0xae04ae23) mem 0x80020afc 0x00000000
0x80001cdc (0x314010ef) x1  0x80001ce0
0x80002ff0 (0x800216b7) x13 0x80021000
0x80002ff4 (0xb006a783) x15 0x80020f44 mem 0x80020b00
0x80002ff8 (0x02078063)
0x80002ffc (0x80040737) x14 0x80040000
0x80003000 (0x00a78533) x10 0x80021000
0x80003004 (0x00070713) x14 0x80040000
0x80003008 (0x02e55863)
0x8000300c (0xb0a6a023) mem 0x80020b00 0x80021000
0x80003010 (0x00078513) x10 0x80020f44
0x80003014 (0x00008067)
0x80001ce0 (0xfff00793) x15 0xffffffff
0x80001ce4 (0x00f50c63)
0x80001ce8 (0x00c12083) x1  0x80000f30 mem 0x8003febc
0x80001cec (0x00812403) x8  0x80020468 mem 0x8003feb8
0x80001cf0 (0x00412483) x9  0x00000408 mem 0x8003feb4
0x80001cf4 (0x01010113) x2  0x8003fec0
0x80001cf8 (0x00008067)
0x80000f30 (0xfff00793) x15 0xffffffff
0x80000f34 (0x3cf50463)
0x80000f38 (0x41750533) x10 0x00000414
0x80000f3c (0x01450ab3) x21 0x000004d0
0x80000f40 (0x000d2783) x15 0x00000418 mem 0x80020b04
0x80000f44 (0x01792423) mem 0x80020470 0x80020b30
0x80000f48 (0x001aea93) x21 0x000004d1
0x80000f4c (0x00fa0a33) x20 0x000004d4
0x80000f50 (0x014d2023) mem 0x80020b04 0x000004d4
0x80000f54 (0x015ba223) mem 0x80020b34 0x000004d1
0x80000f58 (0x35240c63)
0x800012b0 (0x000b8413) x8  0x80020b30
0x800012b4 (0xce5ff06f)
0x80000f98 (0x800217b7) x15 0x80021000
0x80000f9c (0xaf078793) x15 0x80020af0
0x80000fa0 (0x0007a703) x14 0x00000000 mem 0x80020af0
0x80000fa4 (0x01477463)
0x80000fa8 (0x0147a023) mem 0x80020af0 0x000004d4
0x80000fac (0x800217b7) x15 0x80021000
0x80000fb0 (0xaf478793) x15 0x80020af4
0x80000fb4 (0x0007a703) x14 0x00000000 mem 0x80020af4
0x80000fb8 (0x1b477663)
0x80000fbc (0x0147a023) mem 0x80020af4 0x000004d4
0x80000fc0 (0x1a40006f)
0x80001164 (0xffcafa93) x21 0x000004d0
0x80001168 (0x409a87b3) x15 0x000000c8
0x8000116c (0x009ae663)
0x80001170 (0x00f00713) x14 0x0000000f
0x80001174 (0xe4f748e3)
0x80000fc4 (0x0014e713) x14 0x00000409
0x80000fc8 (0x00e42223) mem 0x80020b34 0x00000409
0x80000fcc (0x009404b3) x9  0x80020f38
0x80000fd0 (0x00992423) mem 0x80020470 0x80020f38
0x80000fd4 (0x0017e793) x15 0x000000c9
0x80000fd8 (0x00098513) x10 0x80020040
0x80000fdc (0x00f4a223) mem 0x80020f3c 0x000000c9
0x80000fe0 (0x77c000ef) x1  0x80000fe4
0x8000175c (0x00008067)
0x80000fe4 (0x00840513) x10 0x80020b38
0x80000fe8 (0xdf9ff06f)
0x80000de0 (0x02c12083) x1  0x80002a80 mem 0x8003feec
0x80000de4 (0x02812403) x8  0x80020394 mem 0x8003fee8
0x80000de8 (0x02412483) x9  0x80020040 mem 0x8003fee4
0x80000dec (0x02012903) x18 0x00000000 mem 0x8003fee0
0x80000df0 (0x01c12983) x19 0x00000000 mem 0x8003fedc
0x80000df4 (0x01812a03) x20 0x00000400 mem 0x8003fed8
0x80000df8 (0x01412a83) x21 0x00000000 mem 0x8003fed4
0x80000dfc (0x01012b03) x22 0x00000000 mem 0x8003fed0
0x80000e00 (0x00c12b83) x23 0x8003ffc4 mem 0x8003fecc
0x80000e04 (0x00812c03) x24 0x00000000 mem 0x8003fec8
0x80000e08 (0x00412c83) x25 0x00000000 mem 0x8003fec4
0x80000e0c (0x00012d03) x26 0x00000000 mem 0x8003fec0
0x80000e10 (0x03010113) x2  0x8003fef0
0x80000e14 (0x00008067)
0x80002a80 (0x00c41783) x15 0x00002009 mem 0x800203a0
0x80002a84 (0x06050e63)
0x80002a88 (0x80000737) x14 0x80000000
0x80002a8c (0x20070713) x14 0x80000200
0x80002a90 (0x02e4ae23) mem 0x8002007c 0x80000200
0x80002a94 (0x0807e793) x15 0x00002089
0x80002a98 (0x00f41623) mem 0x800203a0 0x2089
0x80002a9c (0x00a42023) mem 0x80020394 0x80020b38
0x80002aa0 (0x00a42823) mem 0x800203a4 0x80020b38
0x80002aa4 (0x01442a23) mem 0x800203a8 0x00000400
0x80002aa8 (0x08091863)
0x80002aac (0x0137e7b3) x15 0x00002089
0x80002ab0 (0x07c12083) x1  0x80001ff0 mem 0x8003ff6c
0x80002ab4 (0x00f41623) mem 0x800203a0 0x2089
0x80002ab8 (0x07812403) x8  0x80020394 mem 0x8003ff68
0x80002abc (0x07412483) x9  0x80020040 mem 0x8003ff64
0x80002ac0 (0x07012903) x18 0x00000000 mem 0x8003ff60
0x80002ac4 (0x06c12983) x19 0x00000000 mem 0x8003ff5c
0x80002ac8 (0x06812a03) x20 0x80020040 mem 0x8003ff58
0x80002acc (0x08010113) x2  0x8003ff70
0x80002ad0 (0x00008067)
0x80001ff0 (0x00c41703) x14 0x00002089 mem 0x800203a0
0x80001ff4 (0x01042683) x13 0x80020b38 mem 0x800203a4
0x80001ff8 (0x01071793) x15 0x20890000
0x80001ffc (0x0107d793) x15 0x00002089
0x80002000 (0xf2dff06f)
0x80001f2c (0x0017f613) x12 0x00000001
0x80001f30 (0x02060863)
0x80001f34 (0x01442603) x12 0x00000400 mem 0x800203a8
0x80001f38 (0x00042423) mem 0x8002039c 0x00000000
0x80001f3c (0x00000513) x10 0x00000000
0x80001f40 (0x40c00633) x12 0xfffffc00
0x80001f44 (0x00c42c23) mem 0x800203ac 0xfffffc00
0x80001f48 (0x02068a63)
0x80001f4c (0x00c12083) x1  0x80000680 mem 0x8003ff7c
0x80001f50 (0x00812403) x8  0x80020394 mem 0x8003ff78
0x80001f54 (0x00412483) x9  0x80020020 mem 0x8003ff74
0x80001f58 (0x01010113) x2  0x8003ff80
0x80001f5c (0x00008067)
0x80000680 (0x3c051063)
0x80000684 (0x00c45683) x13 0x00002089 mem 0x800203a0
0x80000688 (0x000ba483) x9  0x8003ffd0 mem 0x8003ffc4
0x8000068c (0x0026f793) x15 0x00000000
0x80000690 (0xf60798e3)
0x80000694 (0x0016f793) x15 0x00000001
0x80000698 (0x12079e63)
0x800007d4 (0x00000a93) x21 0x00000000
0x800007d8 (0x00000513) x10 0x00000000
0x800007dc (0x00000c13) x24 0x00000000
0x800007e0 (0x00000993) x19 0x00000000
0x800007e4 (0x0e098063)
0x800008c4 (0x0044a983) x19 0x00000009 mem 0x8003ffd4
0x800008c8 (0x00048793) x15 0x8003ffd0
0x800008cc (0x00848493) x9  0x8003ffd8
0x800008d0 (0xfe098ae3)
0x800008d4 (0x0007ac03) x24 0x80020020 mem 0x8003ffd0
0x800008d8 (0x00098613) x12 0x00000009
0x800008dc (0x00a00593) x11 0x0000000a
0x800008e0 (0x000c0513) x10 0x80020020
0x800008e4 (0x289000ef) x1  0x800008e8
0x8000136c (0x00357793) x15 0x00000000
0x80001370 (0x0ff5f693) x13 0x0000000a
0x80001374 (0x02078a63)
0x800013a8 (0x00060793) x15 0x00000009
0x800013ac (0x00300713) x14 0x00000003
0x800013b0 (0x02f76663)
0x800013dc (0x0ff5f593) x11 0x0000000a
0x800013e0 (0x00859713) x14 0x00000a00
0x800013e4 (0x00b76733) x14 0x00000a0a
0x800013e8 (0x01071893) x17 0x0a0a0000
0x800013ec (0xfeff0837) x16 0xfeff0000
0x800013f0 (0x808085b7) x11 0x80808000
0x800013f4 (0x00e8e8b3) x17 0x0a0a0a0a
0x800013f8 (0xeff80813) x16 0xfefefeff
0x800013fc (0x08058593) x11 0x80808080
0x80001400 (0x00300313) x6  0x00000003
0x80001404 (0x00052703) x14 0x69766964 mem 0x80020020
0x80001408 (0x00e8c733) x14 0x637c636e
0x8000140c (0x01070633) x12 0x627b626d
0x80001410 (0xfff74713) x14 0x9c839c91
0x80001414 (0x00e67733) x14 0x00030001
0x80001418 (0x00b77733) x14 0x00000000
0x8000141c (0xfa0712e3)
0x80001420 (0xffc78793) x15 0x00000005
0x80001424 (0x00450513) x10 0x80020024
0x80001428 (0xfcf36ee3)
0x80001404 (0x00052703) x14 0x6c626973 mem 0x80020024
0x80001408 (0x00e8c733) x14 0x66686379
0x8000140c (0x01070633) x12 0x65676278
0x80001410 (0xfff74713) x14 0x99979c86
0x80001414 (0x00e67733) x14 0x01070000
0x80001418 (0x00b77733) x14 0x00000000
0x8000141c (0xfa0712e3)
0x80001420 (0xffc78793) x15 0x00000001
0x80001424 (0x00450513) x10 0x80020028
0x80001428 (0xfcf36ee3)
0x8000142c (0xf8079ae3)
0x800013c0 (0x00f507b3) x15 0x80020029
0x800013c4 (0x00c0006f)
0x800013d0 (0x00054703) x14 0x00000065 mem 0x80020028
0x800013d4 (0xfed71ae3)
0x800013c8 (0x00150513) x10 0x80020029
0x800013cc (0xfea786e3)
0x800013b8 (0x00000513) x10 0x00000000
0x800013bc (0x00008067)
0x800008e8 (0x12050e63)
0x80000a24 (0x00198793) x15 0x0000000a
0x80000a28 (0x00078a93) x21 0x0000000a
0x80000a2c (0xdc5ff06f)
0x800007f0 (0x00098b13) x22 0x00000009
0x800007f4 (0x0137f463)
0x800007fc (0x00042503) x10 0x80020b38 mem 0x80020394
0x80000800 (0x01042783) x15 0x80020b38 mem 0x800203a4
0x80000804 (0x00842903) x18 0x00000000 mem 0x8002039c
0x80000808 (0x01442683) x13 0x00000400 mem 0x800203a8
0x8000080c (0x00a7f663)
0x80000818 (0x1adb4863)
0x800009c8 (0x000b0613) x12 0x00000009
0x800009cc (0x000c0593) x11 0x80020020
0x800009d0 (0x38d000ef) x1  0x800009d4
0x8000155c (0x02a5f663)
0x80001560 (0x00c587b3) x15 0x80020029
0x80001564 (0x02f57263)
0x80001588 (0x00f00793) x15 0x0000000f
0x8000158c (0x02c7e863)
0x80001590 (0x00050793) x15 0x80020b38
0x80001594 (0xfff60693) x13 0x00000008
0x80001598 (0x0c060c63)
0x8000159c (0x00168693) x13 0x00000009
0x800015a0 (0x00d786b3) x13 0x80020b41
0x800015a4 (0x0005c703) x14 0x00000064 mem 0x80020020
0x800015a8 (0x00178793) x15 0x80020b39
0x800015ac (0x00158593) x11 0x80020021
0x800015b0 (0xfee78fa3) mem 0x80020b38 0x64
0x800015b4 (0xfed798e3)
0x800015a4 (0x0005c703) x14 0x00000069 mem 0x80020021
0x800015a8 (0x00178793) x15 0x80020b3a
0x800015ac (0x00158593) x11 0x80020022
0x800015b0 (0xfee78fa3) mem 0x80020b39 0x69
0x800015b4 (0xfed798e3)
0x800015a4 (0x0005c703) x14 0x00000076 mem 0x80020022
0x800015a8 (0x00178793) x15 0x80020b3b
0x800015ac (0x00158593) x11 0x80020023
0x800015b0 (0xfee78fa3) mem 0x80020b3a 0x76
0x800015b4 (0xfed798e3)
0x800015a4 (0x0005c703) x14 0x00000069 mem 0x80020023
0x800015a8 (0x00178793) x15 0x80020b3c
0x800015ac (0x00158593) x11 0x80020024
0x800015b0 (0xfee78fa3) mem 0x80020b3b 0x69
0x800015b4 (0xfed798e3)
0x800015a4 (0x0005c703) x14 0x00000073 mem 0x80020024
0x800015a8 (0x00178793) x15 0x80020b3d
0x800015ac (0x00158593) x11 0x80020025
0x800015b0 (0xfee78fa3) mem 0x80020b3c 0x73
0x800015b4 (0xfed798e3)
0x800015a4 (0x0005c703) x14 0x00000069 mem 0x80020025
0x800015a8 (0x00178793) x15 0x80020b3e
0x800015ac (0x00158593) x11 0x80020026
0x800015b0 (0xfee78fa3) mem 0x80020b3d 0x69
0x800015b4 (0xfed798e3)
0x800015a4 (0x0005c703) x14 0x00000062 mem 0x80020026
0x800015a8 (0x00178793) x15 0x80020b3f
0x800015ac (0x00158593) x11 0x80020027
0x800015b0 (0xfee78fa3) mem 0x80020b3e 0x62
0x800015b4 (0xfed798e3)
0x800015a4 (0x0005c703) x14 0x0000006c mem 0x80020027
0x800015a8 (0x00178793) x15 0x80020b40
0x800015ac (0x00158593) x11 0x80020028
0x800015b0 (0xfee78fa3) mem 0x80020b3f 0x6c
0x800015b4 (0xfed798e3)
0x800015a4 (0x0005c703) x14 0x00000065 mem 0x80020028
0x800015a8 (0x00178793) x15 0x80020b41
0x800015ac (0x00158593) x11 0x80020029
0x800015b0 (0xfee78fa3) mem 0x80020b40 0x65
0x800015b4 (0xfed798e3)
0x800015b8 (0x00008067)
0x800009d4 (0x00842703) x14 0x00000000 mem 0x8002039c
0x800009d8 (0x00042783) x15 0x80020b38 mem 0x80020394
0x800009dc (0x000b0913) x18 0x00000009
0x800009e0 (0x41670733) x14 0xfffffff7
0x800009e4 (0x016787b3) x15 0x80020b41
0x800009e8 (0x00e42423) mem 0x8002039c 0xfffffff7
0x800009ec (0x00f42023) mem 0x80020394 0x80020b41
0x800009f0 (0xe49ff06f)
0x80000838 (0x412a8ab3) x21 0x00000001
0x8000083c (0x00100513) x10 0x00000001
0x80000840 (0x040a8c63)
0x80000844 (0x008ba783) x15 0x0000000a mem 0x8003ffcc
0x80000848 (0x012c0c33) x24 0x80020029
0x8000084c (0x412989b3) x19 0x00000000
0x80000850 (0x412787b3) x15 0x00000001
0x80000854 (0x00fba423) mem 0x8003ffcc 0x00000001
0x80000858 (0xf80796e3)
0x800007e4 (0x0e098063)
0x800008c4 (0x0044a983) x19 0x00000001 mem 0x8003ffdc
0x800008c8 (0x00048793) x15 0x8003ffd8
0x800008cc (0x00848493) x9  0x8003ffe0
0x800008d0 (0xfe098ae3)
0x800008d4 (0x0007ac03) x24 0x8002003c mem 0x8003ffd8
0x800008d8 (0x00098613) x12 0x00000001
0x800008dc (0x00a00593) x11 0x0000000a
0x800008e0 (0x000c0513) x10 0x8002003c
0x800008e4 (0x289000ef) x1  0x800008e8
0x8000136c (0x00357793) x15 0x00000000
0x80001370 (0x0ff5f693) x13 0x0000000a
0x80001374 (0x02078a63)
0x800013a8 (0x00060793) x15 0x00000001
0x800013ac (0x00300713) x14 0x00000003
0x800013b0 (0x02f76663)
0x800013b4 (0x00079663)
0x800013c0 (0x00f507b3) x15 0x8002003d
0x800013c4 (0x00c0006f)
0x800013d0 (0x00054703) x14 0x0000000a mem 0x8002003c
0x800013d4 (0xfed71ae3)
0x800013d8 (0x00008067)
0x800008e8 (0x12050e63)
0x800008ec (0x00150513) x10 0x8002003d
0x800008f0 (0x41850ab3) x21 0x00000001
0x800008f4 (0xef9ff06f)
0x800007ec (0x000a8793) x15 0x00000001
0x800007f0 (0x00098b13) x22 0x00000001
0x800007f4 (0x0137f463)
0x800007fc (0x00042503) x10 0x80020b41 mem 0x80020394
0x80000800 (0x01042783) x15 0x80020b38 mem 0x800203a4
0x80000804 (0x00842903) x18 0xfffffff7 mem 0x8002039c
0x80000808 (0x01442683) x13 0x00000400 mem 0x800203a8
0x8000080c (0x00a7f663)
0x80000810 (0x00d90933) x18 0x000003f7
0x80000814 (0x0f694263)
0x80000818 (0x1adb4863)
0x800009c8 (0x000b0613) x12 0x00000001
0x800009cc (0x000c0593) x11 0x8002003c
0x800009d0 (0x38d000ef) x1  0x800009d4
0x8000155c (0x02a5f663)
0x80001560 (0x00c587b3) x15 0x8002003d
0x80001564 (0x02f57263)
0x80001588 (0x00f00793) x15 0x0000000f
0x8000158c (0x02c7e863)
0x80001590 (0x00050793) x15 0x80020b41
0x80001594 (0xfff60693) x13 0x00000000
0x80001598 (0x0c060c63)
0x8000159c (0x00168693) x13 0x00000001
0x800015a0 (0x00d786b3) x13 0x80020b42
0x800015a4 (0x0005c703) x14 0x0000000a mem 0x8002003c
0x800015a8 (0x00178793) x15 0x80020b42
0x800015ac (0x00158593) x11 0x8002003d
0x800015b0 (0xfee78fa3) mem 0x80020b41 0x0a
0x800015b4 (0xfed798e3)
0x800015b8 (0x00008067)
0x800009d4 (0x00842703) x14 0xfffffff7 mem 0x8002039c
0x800009d8 (0x00042783) x15 0x80020b41 mem 0x80020394
0x800009dc (0x000b0913) x18 0x00000001
0x800009e0 (0x41670733) x14 0xfffffff6
0x800009e4 (0x016787b3) x15 0x80020b42
0x800009e8 (0x00e42423) mem 0x8002039c 0xfffffff6
0x800009ec (0x00f42023) mem 0x80020394 0x80020b42
0x800009f0 (0xe49ff06f)
0x80000838 (0x412a8ab3) x21 0x00000000
0x8000083c (0x00100513) x10 0x00000001
0x80000840 (0x040a8c63)
0x80000898 (0x00040593) x11 0x80020394
0x8000089c (0x000a0513) x10 0x80020040
0x800008a0 (0x395010ef) x1  0x800008a4
0x80002434 (0xfe010113) x2  0x8003ff60
0x80002438 (0x00812c23) mem 0x8003ff78 0x80020394
0x8000243c (0x00112e23) mem 0x8003ff7c 0x800008a4
0x80002440 (0x00050413) x8  0x80020040
0x80002444 (0x00050663)
0x80002448 (0x03852783) x15 0x00000001 mem 0x80020078
0x8000244c (0x02078063)
0x80002450 (0x00c59783) x15 0x00002089 mem 0x800203a0
0x80002454 (0x02079663)
0x80002480 (0x00040513) x10 0x80020040
0x80002484 (0x01812403) x8  0x80020394 mem 0x8003ff78
0x80002488 (0x01c12083) x1  0x800008a4 mem 0x8003ff7c
0x8000248c (0x02010113) x2  0x8003ff80
0x80002490 (0xd41ff06f)
0x800021d0 (0x00c59783) x15 0x00002089 mem 0x800203a0
0x800021d4 (0xfe010113) x2  0x8003ff60
0x800021d8 (0x00812c23) mem 0x8003ff78 0x80020394
0x800021dc (0x01312623) mem 0x8003ff6c 0x00000001
0x800021e0 (0x00112e23) mem 0x8003ff7c 0x800008a4
0x800021e4 (0x00912a23) mem 0x8003ff74 0x8003ffe0
0x800021e8 (0x01212823) mem 0x8003ff70 0x00000001
0x800021ec (0x0087f693) x13 0x00000008
0x800021f0 (0x00058413) x8  0x80020394
0x800021f4 (0x00050993) x19 0x80020040
0x800021f8 (0x10069c63)
0x80002310 (0x0105a903) x18 0x80020b38 mem 0x800203a4
0x80002314 (0xfc090ee3)
0x80002318 (0x0005a483) x9  0x80020b42 mem 0x80020394
0x8000231c (0x01079713) x14 0x20890000
0x80002320 (0x01075713) x14 0x00002089
0x80002324 (0x00377713) x14 0x00000001
0x80002328 (0x0125a023) mem 0x80020394 0x80020b38
0x8000232c (0x412484b3) x9  0x0000000a
0x80002330 (0x00000793) x15 0x00000000
0x80002334 (0x00071463)
0x8000233c (0x00f42423) mem 0x8002039c 0x00000000
0x80002340 (0x00904863)
0x80002350 (0x02442783) x15 0x80001d80 mem 0x800203b8
0x80002354 (0x01c42583) x11 0x80020394 mem 0x800203b0
0x80002358 (0x00048693) x13 0x0000000a
0x8000235c (0x00090613) x12 0x80020b38
0x80002360 (0x00098513) x10 0x80020040
0x80002364 (0x000780e7) x1  0x80002368
0x80001d80 (0x00c59783) x15 0x00002089 mem 0x800203a0
0x80001d84 (0xfe010113) x2  0x8003ff40
0x80001d88 (0x00812c23) mem 0x8003ff58 0x80020394
0x80001d8c (0x00912a23) mem 0x8003ff54 0x0000000a
0x80001d90 (0x01212823) mem 0x8003ff50 0x80020b38
0x80001d94 (0x01312623) mem 0x8003ff4c 0x80020040
0x80001d98 (0x00112e23) mem 0x8003ff5c 0x80002368
0x80001d9c (0x1007f713) x14 0x00000000
0x80001da0 (0x00058413) x8  0x80020394
0x80001da4 (0x00050493) x9  0x80020040
0x80001da8 (0x00060913) x18 0x80020b38
0x80001dac (0x00068993) x19 0x0000000a
0x80001db0 (0x04071063)
0x80001db4 (0xfffff737) x14 0xfffff000
0x80001db8 (0xfff70713) x14 0xffffefff
0x80001dbc (0x00e7f7b3) x15 0x00002089
0x80001dc0 (0x00e41583) x11 0x00000001 mem 0x800203a2
0x80001dc4 (0x00f41623) mem 0x800203a0 0x2089
0x80001dc8 (0x01812403) x8  0x80020394 mem 0x8003ff58
0x80001dcc (0x01c12083) x1  0x80002368 mem 0x8003ff5c
0x80001dd0 (0x00098693) x13 0x0000000a
0x80001dd4 (0x00090613) x12 0x80020b38
0x80001dd8 (0x00c12983) x19 0x80020040 mem 0x8003ff4c
0x80001ddc (0x01012903) x18 0x80020b38 mem 0x8003ff50
0x80001de0 (0x00048513) x10 0x80020040
0x80001de4 (0x01412483) x9  0x0000000a mem 0x8003ff54
0x80001de8 (0x02010113) x2  0x8003ff60
0x80001dec (0x08c0006f)
0x80001e78 (0xff010113) x2  0x8003ff50
0x80001e7c (0x00058713) x14 0x00000001
0x80001e80 (0x00812423) mem 0x8003ff58 0x80020394
0x80001e84 (0x00912223) mem 0x8003ff54 0x0000000a
0x80001e88 (0x00060593) x11 0x80020b38
0x80001e8c (0x00050413) x8  0x80020040
0x80001e90 (0x800214b7) x9  0x80021000
0x80001e94 (0x00068613) x12 0x0000000a
0x80001e98 (0x00070513) x10 0x00000001
0x80001e9c (0x00112623) mem 0x8003ff5c 0x80002368
0x80001ea0 (0xae04ae23) mem 0x80020afc 0x00000000
0x80001ea4 (0x0b4010ef) x1  0x80001ea8
0x80002f58 (0x00060513) x10 0x0000000a
0x80002f5c (0x00060e63)
0x80002f60 (0x00c586b3) x13 0x80020b42
0x80002f64 (0x90000737) x14 0x90000000
0x80002f68 (0x0005c783) x15 0x00000064 mem 0x80020b38
0x80002f6c (0x00158593) x11 0x80020b39
0x80002f70 (0x00f70e23) mem 0x9000001c 0x64
0x80002f74 (0xfed59ae3)
0x80002f68 (0x0005c783) x15 0x00000069 mem 0x80020b39
0x80002f6c (0x00158593) x11 0x80020b3a
0x80002f70 (0x00f70e23) mem 0x9000001c 0x69
0x80002f74 (0xfed59ae3)
0x80002f68 (0x0005c783) x15 0x00000076 mem 0x80020b3a
0x80002f6c (0x00158593) x11 0x80020b3b
0x80002f70 (0x00f70e23) mem 0x9000001c 0x76
0x80002f74 (0xfed59ae3)
0x80002f68 (0x0005c783) x15 0x00000069 mem 0x80020b3b
0x80002f6c (0x00158593) x11 0x80020b3c
0x80002f70 (0x00f70e23) mem 0x9000001c 0x69
0x80002f74 (0xfed59ae3)
0x80002f68 (0x0005c783) x15 0x00000073 mem 0x80020b3c
0x80002f6c (0x00158593) x11 0x80020b3d
0x80002f70 (0x00f70e23) mem 0x9000001c 0x73
0x80002f74 (0xfed59ae3)
0x80002f68 (0x0005c783) x15 0x00000069 mem 0x80020b3d
0x80002f6c (0x00158593) x11 0x80020b3e
0x80002f70 (0x00f70e23) mem 0x9000001c 0x69
0x80002f74 (0xfed59ae3)
0x80002f68 (0x0005c783) x15 0x00000062 mem 0x80020b3e
0x80002f6c (0x00158593) x11 0x80020b3f
0x80002f70 (0x00f70e23) mem 0x9000001c 0x62
0x80002f74 (0xfed59ae3)
0x80002f68 (0x0005c783) x15 0x0000006c mem 0x80020b3f
0x80002f6c (0x00158593) x11 0x80020b40
0x80002f70 (0x00f70e23) mem 0x9000001c 0x6c
0x80002f74 (0xfed59ae3)
0x80002f68 (0x0005c783) x15 0x00000065 mem 0x80020b40
0x80002f6c (0x00158593) x11 0x80020b41
0x80002f70 (0x00f70e23) mem 0x9000001c 0x65
0x80002f74 (0xfed59ae3)
0x80002f68 (0x0005c783) x15 0x0000000a mem 0x80020b41
0x80002f6c (0x00158593) x11 0x80020b42
0x80002f70 (0x00f70e23) mem 0x9000001c 0x0a
0x80002f74 (0xfed59ae3)
0x80002f78 (0x00008067)
0x80001ea8 (0xfff00793) x15 0xffffffff
0x80001eac (0x00f50c63)
0x80001eb0 (0x00c12083) x1  0x80002368 mem 0x8003ff5c
0x80001eb4 (0x00812403) x8  0x80020394 mem 0x8003ff58
0x80001eb8 (0x00412483) x9  0x0000000a mem 0x8003ff54
0x80001ebc (0x01010113) x2  0x8003ff60
0x80001ec0 (0x00008067)
0x80002368 (0x40a484b3) x9  0x00000000
0x8000236c (0xfca04ee3)
0x80002348 (0x00a90933) x18 0x80020b42
0x8000234c (0xfa9052e3)
0x800022f0 (0x00000513) x10 0x00000000
0x800022f4 (0x01c12083) x1  0x800008a4 mem 0x8003ff7c
0x800022f8 (0x01812403) x8  0x80020394 mem 0x8003ff78
0x800022fc (0x01412483) x9  0x8003ffe0 mem 0x8003ff74
0x80002300 (0x01012903) x18 0x00000001 mem 0x8003ff70
0x80002304 (0x00c12983) x19 0x00000001 mem 0x8003ff6c
0x80002308 (0x02010113) x2  0x8003ff80
0x8000230c (0x00008067)
0x800008a4 (0xfa0500e3)
0x80000844 (0x008ba783) x15 0x00000001 mem 0x8003ffcc
0x80000848 (0x012c0c33) x24 0x8002003d
0x8000084c (0x412989b3) x19 0x00000000
0x80000850 (0x412787b3) x15 0x00000000
0x80000854 (0x00fba423) mem 0x8003ffcc 0x00000000
0x80000858 (0xf80796e3)
0x8000085c (0x00000513) x10 0x00000000
0x80000860 (0x02c12083) x1  0x80000128 mem 0x8003ffac
0x80000864 (0x02812403) x8  0x80020040 mem 0x8003ffa8
0x80000868 (0x02412483) x9  0x80020020 mem 0x8003ffa4
0x8000086c (0x02012903) x18 0x00000000 mem 0x8003ffa0
0x80000870 (0x01c12983) x19 0x00000000 mem 0x8003ff9c
0x80000874 (0x01812a03) x20 0x00000000 mem 0x8003ff98
0x80000878 (0x01412a83) x21 0x00000000 mem 0x8003ff94
0x8000087c (0x01012b03) x22 0x00000000 mem 0x8003ff90
0x80000880 (0x00c12b83) x23 0x00000000 mem 0x8003ff8c
0x80000884 (0x00812c03) x24 0x00000000 mem 0x8003ff88
0x80000888 (0x00412c83) x25 0x00000000 mem 0x8003ff84
0x8000088c (0x00012d03) x26 0x00000000 mem 0x8003ff80
0x80000890 (0x03010113) x2  0x8003ffb0
0x80000894 (0x00008067)
0x80000128 (0x03c12083) x1  0x80000064 mem 0x8003ffec
0x8000012c (0x03812403) x8  0x00000000 mem 0x8003ffe8
0x80000130 (0x00a03533) x10 0x00000000
0x80000134 (0x40a00533) x10 0x00000000
0x80000138 (0x03412483) x9  0x00000000 mem 0x8003ffe4
0x8000013c (0x00a56513) x10 0x0000000a
0x80000140 (0x04010113) x2  0x8003fff0
0x80000144 (0x00008067)
0x80000064 (0x80020537) x10 0x80020000
0x80000068 (0x02c50513) x10 0x8002002c
0x8000006c (0x00050263)
0x80000070 (0x00100013)
0x80000074 (0x00100013)
0x80000078 (0x00000097) x1  0x80000078
0x8000007c (0x0e4080e7) x1  0x80000080
0x8000015c (0x800207b7) x15 0x80020000
0x80000160 (0x00050593) x11 0x8002002c
0x80000164 (0x0147a503) x10 0x80020040 mem 0x80020014
0x80000168 (0xf29ff06f)
0x80000090 (0xfc010113) x2  0x8003ffb0
0x80000094 (0x02812c23) mem 0x8003ffe8 0x00000000
0x80000098 (0x00050413) x8  0x80020040
0x8000009c (0x00058513) x10 0x8002002c
0x800000a0 (0x02912a23) mem 0x8003ffe4 0x00000000
0x800000a4 (0x02112e23) mem 0x8003ffec 0x80000080
0x800000a8 (0x00058493) x9  0x8002002c
0x800000ac (0x0c0000ef) x1  0x800000b0
0x8000016c (0x00357793) x15 0x00000000
0x80000170 (0x00050713) x14 0x8002002c
0x80000174 (0x04079c63)
0x80000178 (0x7f7f86b7) x13 0x7f7f8000
0x8000017c (0xf7f68693) x13 0x7f7f7f7f
0x80000180 (0xfff00593) x11 0xffffffff
0x80000184 (0x00072603) x12 0x6c6c6568 mem 0x8002002c
0x80000188 (0x00470713) x14 0x80020030
0x8000018c (0x00d677b3) x15 0x6c6c6568
0x80000190 (0x00d787b3) x15 0xebebe4e7
0x80000194 (0x00c7e7b3) x15 0xefefe5ef
0x80000198 (0x00d7e7b3) x15 0xffffffff
0x8000019c (0xfeb784e3)
0x80000184 (0x00072603) x12 0x6f77206f mem 0x80020030
0x80000188 (0x00470713) x14 0x80020034
0x8000018c (0x00d677b3) x15 0x6f77206f
0x80000190 (0x00d787b3) x15 0xeef69fee
0x80000194 (0x00c7e7b3) x15 0xeff7bfef
0x80000198 (0x00d7e7b3) x15 0xffffffff
0x8000019c (0xfeb784e3)
0x80000184 (0x00072603) x12 0x21646c72 mem 0x80020034
0x80000188 (0x00470713) x14 0x80020038
0x8000018c (0x00d677b3) x15 0x21646c72
0x80000190 (0x00d787b3) x15 0xa0e3ebf1
0x80000194 (0x00c7e7b3) x15 0xa1e7eff3
0x80000198 (0x00d7e7b3) x15 0xffffffff
0x8000019c (0xfeb784e3)
0x80000184 (0x00072603) x12 0x00000000 mem 0x80020038
0x80000188 (0x00470713) x14 0x8002003c
0x8000018c (0x00d677b3) x15 0x00000000
0x80000190 (0x00d787b3) x15 0x7f7f7f7f
0x80000194 (0x00c7e7b3) x15 0x7f7f7f7f
0x80000198 (0x00d7e7b3) x15 0x7f7f7f7f
0x8000019c (0xfeb784e3)
0x800001a0 (0xffc74683) x13 0x00000000 mem 0x80020038
0x800001a4 (0x40a707b3) x15 0x00000010
0x800001a8 (0x04068463)
0x800001f0 (0xffc78513) x10 0x0000000c
0x800001f4 (0x00008067)
0x800000b0 (0x800207b7) x15 0x80020000
0x800000b4 (0x03c78793) x15 0x8002003c
0x800000b8 (0x02f12423) mem 0x8003ffd8 0x8002003c
0x800000bc (0x00100793) x15 0x00000001
0x800000c0 (0x02f12623) mem 0x8003ffdc 0x00000001
0x800000c4 (0x03842703) x14 0x00000001 mem 0x80020078
0x800000c8 (0x02010793) x15 0x8003ffd0
0x800000cc (0x00150693) x13 0x0000000d
0x800000d0 (0x00f12a23) mem 0x8003ffc4 0x8003ffd0
0x800000d4 (0x00200793) x15 0x00000002
0x800000d8 (0x02912023) mem 0x8003ffd0 0x8002002c
0x800000dc (0x02a12223) mem 0x8003ffd4 0x0000000c
0x800000e0 (0x00d12e23) mem 0x8003ffcc 0x0000000d
0x800000e4 (0x00f12c23) mem 0x8003ffc8 0x00000002
0x800000e8 (0x00842583) x11 0x80020394 mem 0x80020048
0x800000ec (0x04070e63)
0x800000f0 (0x00c59783) x15 0x00002089 mem 0x800203a0
0x800000f4 (0x01279713) x14 0x82240000
0x800000f8 (0x02074263)
0x8000011c (0x01410613) x12 0x8003ffc4
0x80000120 (0x00040513) x10 0x80020040
0x80000124 (0x474000ef) x1  0x80000128
0x80000598 (0x00862783) x15 0x0000000d mem 0x8003ffcc
0x8000059c (0x32078063)
0x800005a0 (0x00c5d683) x13 0x00002089 mem 0x800203a0
0x800005a4 (0xfd010113) x2  0x8003ff80
0x800005a8 (0x02812423) mem 0x8003ffa8 0x80020040
0x800005ac (0x01412c23) mem 0x8003ff98 0x00000000
0x800005b0 (0x01712623) mem 0x8003ff8c 0x00000000
0x800005b4 (0x02112623) mem 0x8003ffac 0x80000128
0x800005b8 (0x02912223) mem 0x8003ffa4 0x8002002c
0x800005bc (0x03212023) mem 0x8003ffa0 0x00000000
0x800005c0 (0x01312e23) mem 0x8003ff9c 0x00000000
0x800005c4 (0x01512a23) mem 0x8003ff94 0x00000000
0x800005c8 (0x01612823) mem 0x8003ff90 0x00000000
0x800005cc (0x01812423) mem 0x8003ff88 0x00000000
0x800005d0 (0x01912223) mem 0x8003ff84 0x00000000
0x800005d4 (0x01a12023) mem 0x8003ff80 0x00000000
0x800005d8 (0x0086f793) x15 0x00000008
0x800005dc (0x00060b93) x23 0x8003ffc4
0x800005e0 (0x00050a13) x20 0x80020040
0x800005e4 (0x00058413) x8  0x80020394
0x800005e8 (0x08078663)
0x800005ec (0x0105a783) x15 0x80020b38 mem 0x800203a4
0x800005f0 (0x08078263)
0x800005f4 (0x0026f793) x15 0x00000000
0x800005f8 (0x000ba483) x9  0x8003ffd0 mem 0x8003ffc4
0x800005fc (0x08078c63)
0x80000694 (0x0016f793) x15 0x00000001
0x80000698 (0x12079e63)
0x800007d4 (0x00000a93) x21 0x00000000
0x800007d8 (0x00000513) x10 0x00000000
0x800007dc (0x00000c13) x24 0x00000000
0x800007e0 (0x00000993) x19 0x00000000
0x800007e4 (0x0e098063)
0x800008c4 (0x0044a983) x19 0x0000000c mem 0x8003ffd4
0x800008c8 (0x00048793) x15 0x8003ffd0
0x800008cc (0x00848493) x9  0x8003ffd8
0x800008d0 (0xfe098ae3)
0x800008d4 (0x0007ac03) x24 0x8002002c mem 0x8003ffd0
0x800008d8 (0x00098613) x12 0x0000000c
0x800008dc (0x00a00593) x11 0x0000000a
0x800008e0 (0x000c0513) x10 0x8002002c
0x800008e4 (0x289000ef) x1  0x800008e8
0x8000136c (0x00357793) x15 0x00000000
0x80001370 (0x0ff5f693) x13 0x0000000a
0x80001374 (0x02078a63)
0x800013a8 (0x00060793) x15 0x0000000c
0x800013ac (0x00300713) x14 0x00000003
0x800013b0 (0x02f76663)
0x800013dc (0x0ff5f593) x11 0x0000000a
0x800013e0 (0x00859713) x14 0x00000a00
0x800013e4 (0x00b76733) x14 0x00000a0a
0x800013e8 (0x01071893) x17 0x0a0a0000
0x800013ec (0xfeff0837) x16 0xfeff0000
0x800013f0 (0x808085b7) x11 0x80808000
0x800013f4 (0x00e8e8b3) x17 0x0a0a0a0a
0x800013f8 (0xeff80813) x16 0xfefefeff
0x800013fc (0x08058593) x11 0x80808080
0x80001400 (0x00300313) x6  0x00000003
0x80001404 (0x00052703) x14 0x6c6c6568 mem 0x8002002c
0x80001408 (0x00e8c733) x14 0x66666f62
0x8000140c (0x01070633) x12 0x65656e61
0x80001410 (0xfff74713) x14 0x9999909d
0x80001414 (0x00e67733) x14 0x01010001
0x80001418 (0x00b77733) x14 0x00000000
0x8000141c (0xfa0712e3)
0x80001420 (0xffc78793) x15 0x00000008
0x80001424 (0x00450513) x10 0x80020030
0x80001428 (0xfcf36ee3)
0x80001404 (0x00052703) x14 0x6f77206f mem 0x80020030
0x80001408 (0x00e8c733) x14 0x657d2a65
0x8000140c (0x01070633) x12 0x647c2964
0x80001410 (0xfff74713) x14 0x9a82d59a
0x80001414 (0x00e67733) x14 0x00000100
0x80001418 (0x00b77733) x14 0x00000000
0x8000141c (0xfa0712e3)
0x80001420 (0xffc78793) x15 0x00000004
0x80001424 (0x00450513) x10 0x80020034
0x80001428 (0xfcf36ee3)
0x80001404 (0x00052703) x14 0x21646c72 mem 0x80020034
0x80001408 (0x00e8c733) x14 0x2b6e6678
0x8000140c (0x01070633) x12 0x2a6d6577
0x80001410 (0xfff74713) x14 0xd4919987
0x80001414 (0x00e67733) x14 0x00010107
0x80001418 (0x00b77733) x14 0x00000000
0x8000141c (0xfa0712e3)
0x80001420 (0xffc78793) x15 0x00000000
0x80001424 (0x00450513) x10 0x80020038
0x80001428 (0xfcf36ee3)
0x8000142c (0xf8079ae3)
0x80001430 (0xf89ff06f)
0x800013b8 (0x00000513) x10 0x00000000
0x800013bc (0x00008067)
0x800008e8 (0x12050e63)
0x80000a24 (0x00198793) x15 0x0000000d
0x80000a28 (0x00078a93) x21 0x0000000d
0x80000a2c (0xdc5ff06f)
0x800007f0 (0x00098b13) x22 0x0000000c
0x800007f4 (0x0137f463)
0x800007fc (0x00042503) x10 0x80020b38 mem 0x80020394
0x80000800 (0x01042783) x15 0x80020b38 mem 0x800203a4
0x80000804 (0x00842903) x18 0x00000000 mem 0x8002039c
0x80000808 (0x01442683) x13 0x00000400 mem 0x800203a8
0x8000080c (0x00a7f663)
0x80000818 (0x1adb4863)
0x800009c8 (0x000b0613) x12 0x0000000c
0x800009cc (0x000c0593) x11 0x8002002c
0x800009d0 (0x38d000ef) x1  0x800009d4
0x8000155c (0x02a5f663)
0x80001560 (0x00c587b3) x15 0x80020038
0x80001564 (0x02f57263)
0x80001588 (0x00f00793) x15 0x0000000f
0x8000158c (0x02c7e863)
0x80001590 (0x00050793) x15 0x80020b38
0x80001594 (0xfff60693) x13 0x0000000b
0x80001598 (0x0c060c63)
0x8000159c (0x00168693) x13 0x0000000c
0x800015a0 (0x00d786b3) x13 0x80020b44
0x800015a4 (0x0005c703) x14 0x00000068 mem 0x8002002c
0x800015a8 (0x00178793) x15 0x80020b39
0x800015ac (0x00158593) x11 0x8002002d
0x800015b0 (0xfee78fa3) mem 0x80020b38 0x68
0x800015b4 (0xfed798e3)
0x800015a4 (0x0005c703) x14 0x00000065 mem 0x8002002d
0x800015a8 (0x00178793) x15 0x80020b3a
0x800015ac (0x00158593) x11 0x8002002e
0x800015b0 (0xfee78fa3) mem 0x80020b39 0x65
0x800015b4 (0xfed798e3)
0x800015a4 (0x0005c703) x14 0x0000006c mem 0x8002002e
0x800015a8 (0x00178793) x15 0x80020b3b
0x800015ac (0x00158593) x11 0x8002002f
0x800015b0 (0xfee78fa3) mem 0x80020b3a 0x6c
0x800015b4 (0xfed798e3)
0x800015a4 (0x0005c703) x14 0x0000006c mem 0x8002002f
0x800015a8 (0x00178793) x15 0x80020b3c
0x800015ac (0x00158593) x11 0x80020030
0x800015b0 (0xfee78fa3) mem 0x80020b3b 0x6c
0x800015b4 (0xfed798e3)
0x800015a4 (0x0005c703) x14 0x0000006f mem 0x80020030
0x800015a8 (0x00178793) x15 0x80020b3d
0x800015ac (0x00158593) x11 0x80020031
0x800015b0 (0xfee78fa3) mem 0x80020b3c 0x6f
0x800015b4 (0xfed798e3)
0x800015a4 (0x0005c703) x14 0x00000020 mem 0x80020031
0x800015a8 (0x00178793) x15 0x80020b3e
0x800015ac (0x00158593) x11 0x80020032
0x800015b0 (0xfee78fa3) mem 0x80020b3d 0x20
0x800015b4 (0xfed798e3)
0x800015a4 (0x0005c703) x14 0x00000077 mem 0x80020032
0x800015a8 (0x00178793) x15 0x80020b3f
0x800015ac (0x00158593) x11 0x80020033
0x800015b0 (0xfee78fa3) mem 0x80020b3e 0x77
0x800015b4 (0xfed798e3)
0x800015a4 (0x0005c703) x14 0x0000006f mem 0x80020033
0x800015a8 (0x00178793) x15 0x80020b40
0x800015ac (0x00158593) x11 0x80020034
0x800015b0 (0xfee78fa3) mem 0x80020b3f 0x6f
0x800015b4 (0xfed798e3)
0x800015a4 (0x0005c703) x14 0x00000072 mem 0x80020034
0x800015a8 (0x00178793) x15 0x80020b41
0x800015ac (0x00158593) x11 0x80020035
0x800015b0 (0xfee78fa3) mem 0x80020b40 0x72
0x800015b4 (0xfed798e3)
0x800015a4 (0x0005c703) x14 0x0000006c mem 0x80020035
0x800015a8 (0x00178793) x15 0x80020b42
0x800015ac (0x00158593) x11 0x80020036
0x800015b0 (0xfee78fa3) mem 0x80020b41 0x6c
0x800015b4 (0xfed798e3)
0x800015a4 (0x0005c703) x14 0x00000064 mem 0x80020036
0x800015a8 (0x00178793) x15 0x80020b43
0x800015ac (0x00158593) x11 0x80020037
0x800015b0 (0xfee78fa3) mem 0x80020b42 0x64
0x800015b4 (0xfed798e3)
0x800015a4 (0x0005c703) x14 0x00000021 mem 0x80020037
0x800015a8 (0x00178793) x15 0x80020b44
0x800015ac (0x00158593) x11 0x80020038
0x800015b0 (0xfee78fa3) mem 0x80020b43 0x21
0x800015b4 (0xfed798e3)
0x800015b8 (0x00008067)
0x800009d4 (0x00842703) x14 0x00000000 mem 0x8002039c
0x800009d8 (0x00042783) x15 0x80020b38 mem 0x80020394
0x800009dc (0x000b0913) x18 0x0000000c
0x800009e0 (0x41670733) x14 0xfffffff4
0x800009e4 (0x016787b3) x15 0x80020b44
0x800009e8 (0x00e42423) mem 0x8002039c 0xfffffff4
0x800009ec (0x00f42023) mem 0x80020394 0x80020b44
0x800009f0 (0xe49ff06f)
0x80000838 (0x412a8ab3) x21 0x00000001
0x8000083c (0x00100513) x10 0x00000001
0x80000840 (0x040a8c63)
0x80000844 (0x008ba783) x15 0x0000000d mem 0x8003ffcc
0x80000848 (0x012c0c33) x24 0x80020038
0x8000084c (0x412989b3) x19 0x00000000
0x80000850 (0x412787b3) x15 0x00000001
0x80000854 (0x00fba423) mem 0x8003ffcc 0x00000001
0x80000858 (0xf80796e3)
0x800007e4 (0x0e098063)
0x800008c4 (0x0044a983) x19 0x00000001 mem 0x8003ffdc
0x800008c8 (0x00048793) x15 0x8003ffd8
0x800008cc (0x00848493) x9  0x8003ffe0
0x800008d0 (0xfe098ae3)
0x800008d4 (0x0007ac03) x24 0x8002003c mem 0x8003ffd8
0x800008d8 (0x00098613) x12 0x00000001
0x800008dc (0x00a00593) x11 0x0000000a
0x800008e0 (0x000c0513) x10 0x8002003c
0x800008e4 (0x289000ef) x1  0x800008e8
0x8000136c (0x00357793) x15 0x00000000
0x80001370 (0x0ff5f693) x13 0x0000000a
0x80001374 (0x02078a63)
0x800013a8 (0x00060793) x15 0x00000001
0x800013ac (0x00300713) x14 0x00000003
0x800013b0 (0x02f76663)
0x800013b4 (0x00079663)
0x800013c0 (0x00f507b3) x15 0x8002003d
0x800013c4 (0x00c0006f)
0x800013d0 (0x00054703) x14 0x0000000a mem 0x8002003c
0x800013d4 (0xfed71ae3)
0x800013d8 (0x00008067)
0x800008e8 (0x12050e63)
0x800008ec (0x00150513) x10 0x8002003d
0x800008f0 (0x41850ab3) x21 0x00000001
0x800008f4 (0xef9ff06f)
0x800007ec (0x000a8793) x15 0x00000001
0x800007f0 (0x00098b13) x22 0x00000001
0x800007f4 (0x0137f463)
0x800007fc (0x00042503) x10 0x80020b44 mem 0x80020394
0x80000800 (0x01042783) x15 0x80020b38 mem 0x800203a4
0x80000804 (0x00842903) x18 0xfffffff4 mem 0x8002039c
0x80000808 (0x01442683) x13 0x00000400 mem 0x800203a8
0x8000080c (0x00a7f663)
0x80000810 (0x00d90933) x18 0x000003f4
0x80000814 (0x0f694263)
0x80000818 (0x1adb4863)
0x800009c8 (0x000b0613) x12 0x00000001
0x800009cc (0x000c0593) x11 0x8002003c
0x800009d0 (0x38d000ef) x1  0x800009d4
0x8000155c (0x02a5f663)
0x80001560 (0x00c587b3) x15 0x8002003d
0x80001564 (0x02f57263)
0x80001588 (0x00f00793) x15 0x0000000f
0x8000158c (0x02c7e863)
0x80001590 (0x00050793) x15 0x80020b44
0x80001594 (0xfff60693) x13 0x00000000
0x80001598 (0x0c060c63)
0x8000159c (0x00168693) x13 0x00000001
0x800015a0 (0x00d786b3) x13 0x80020b45
0x800015a4 (0x0005c703) x14 0x0000000a mem 0x8002003c
0x800015a8 (0x00178793) x15 0x80020b45
0x800015ac (0x00158593) x11 0x8002003d
0x800015b0 (0xfee78fa3) mem 0x80020b44 0x0a
0x800015b4 (0xfed798e3)
0x800015b8 (0x00008067)
0x800009d4 (0x00842703) x14 0xfffffff4 mem 0x8002039c
0x800009d8 (0x00042783) x15 0x80020b44 mem 0x80020394
0x800009dc (0x000b0913) x18 0x00000001
0x800009e0 (0x41670733) x14 0xfffffff3
0x800009e4 (0x016787b3) x15 0x80020b45
0x800009e8 (0x00e42423) mem 0x8002039c 0xfffffff3
0x800009ec (0x00f42023) mem 0x80020394 0x80020b45
0x800009f0 (0xe49ff06f)
0x80000838 (0x412a8ab3) x21 0x00000000
0x8000083c (0x00100513) x10 0x00000001
0x80000840 (0x040a8c63)
0x80000898 (0x00040593) x11 0x80020394
0x8000089c (0x000a0513) x10 0x80020040
0x800008a0 (0x395010ef) x1  0x800008a4
0x80002434 (0xfe010113) x2  0x8003ff60
0x80002438 (0x00812c23) mem 0x8003ff78 0x80020394
0x8000243c (0x00112e23) mem 0x8003ff7c 0x800008a4
0x80002440 (0x00050413) x8  0x80020040
0x80002444 (0x00050663)
0x80002448 (0x03852783) x15 0x00000001 mem 0x80020078
0x8000244c (0x02078063)
0x80002450 (0x00c59783) x15 0x00002089 mem 0x800203a0
0x80002454 (0x02079663)
0x80002480 (0x00040513) x10 0x80020040
0x80002484 (0x01812403) x8  0x80020394 mem 0x8003ff78
0x80002488 (0x01c12083) x1  0x800008a4 mem 0x8003ff7c
0x8000248c (0x02010113) x2  0x8003ff80
0x80002490 (0xd41ff06f)
0x800021d0 (0x00c59783) x15 0x00002089 mem 0x800203a0
0x800021d4 (0xfe010113) x2  0x8003ff60
0x800021d8 (0x00812c23) mem 0x8003ff78 0x80020394
0x800021dc (0x01312623) mem 0x8003ff6c 0x00000001
0x800021e0 (0x00112e23) mem 0x8003ff7c 0x800008a4
0x800021e4 (0x00912a23) mem 0x8003ff74 0x8003ffe0
0x800021e8 (0x01212823) mem 0x8003ff70 0x00000001
0x800021ec (0x0087f693) x13 0x00000008
0x800021f0 (0x00058413) x8  0x80020394
0x800021f4 (0x00050993) x19 0x80020040
0x800021f8 (0x10069c63)
0x80002310 (0x0105a903) x18 0x80020b38 mem 0x800203a4
0x80002314 (0xfc090ee3)
0x80002318 (0x0005a483) x9  0x80020b45 mem 0x80020394
0x8000231c (0x01079713) x14 0x20890000
0x80002320 (0x01075713) x14 0x00002089
0x80002324 (0x00377713) x14 0x00000001
0x80002328 (0x0125a023) mem 0x80020394 0x80020b38
0x8000232c (0x412484b3) x9  0x0000000d
0x80002330 (0x00000793) x15 0x00000000
0x80002334 (0x00071463)
0x8000233c (0x00f42423) mem 0x8002039c 0x00000000
0x80002340 (0x00904863)
0x80002350 (0x02442783) x15 0x80001d80 mem 0x800203b8
0x80002354 (0x01c42583) x11 0x80020394 mem 0x800203b0
0x80002358 (0x00048693) x13 0x0000000d
0x8000235c (0x00090613) x12 0x80020b38
0x80002360 (0x00098513) x10 0x80020040
0x80002364 (0x000780e7) x1  0x80002368
0x80001d80 (0x00c59783) x15 0x00002089 mem 0x800203a0
0x80001d84 (0xfe010113) x2  0x8003ff40
0x80001d88 (0x00812c23) mem 0x8003ff58 0x80020394
0x80001d8c (0x00912a23) mem 0x8003ff54 0x0000000d
0x80001d90 (0x01212823) mem 0x8003ff50 0x80020b38
0x80001d94 (0x01312623) mem 0x8003ff4c 0x80020040
0x80001d98 (0x00112e23) mem 0x8003ff5c 0x80002368
0x80001d9c (0x1007f713) x14 0x00000000
0x80001da0 (0x00058413) x8  0x80020394
0x80001da4 (0x00050493) x9  0x80020040
0x80001da8 (0x00060913) x18 0x80020b38
0x80001dac (0x00068993) x19 0x0000000d
0x80001db0 (0x04071063)
0x80001db4 (0xfffff737) x14 0xfffff000
0x80001db8 (0xfff70713) x14 0xffffefff
0x80001dbc (0x00e7f7b3) x15 0x00002089
0x80001dc0 (0x00e41583) x11 0x00000001 mem 0x800203a2
0x80001dc4 (0x00f41623) mem 0x800203a0 0x2089
0x80001dc8 (0x01812403) x8  0x80020394 mem 0x8003ff58
0x80001dcc (0x01c12083) x1  0x80002368 mem 0x8003ff5c
0x80001dd0 (0x00098693) x13 0x0000000d
0x80001dd4 (0x00090613) x12 0x80020b38
0x80001dd8 (0x00c12983) x19 0x80020040 mem 0x8003ff4c
0x80001ddc (0x01012903) x18 0x80020b38 mem 0x8003ff50
0x80001de0 (0x00048513) x10 0x80020040
0x80001de4 (0x01412483) x9  0x0000000d mem 0x8003ff54
0x80001de8 (0x02010113) x2  0x8003ff60
0x80001dec (0x08c0006f)
0x80001e78 (0xff010113) x2  0x8003ff50
0x80001e7c (0x00058713) x14 0x00000001
0x80001e80 (0x00812423) mem 0x8003ff58 0x80020394
0x80001e84 (0x00912223) mem 0x8003ff54 0x0000000d
0x80001e88 (0x00060593) x11 0x80020b38
0x80001e8c (0x00050413) x8  0x80020040
0x80001e90 (0x800214b7) x9  0x80021000
0x80001e94 (0x00068613) x12 0x0000000d
0x80001e98 (0x00070513) x10 0x00000001
0x80001e9c (0x00112623) mem 0x8003ff5c 0x80002368
0x80001ea0 (0xae04ae23) mem 0x80020afc 0x00000000
0x80001ea4 (0x0b4010ef) x1  0x80001ea8
0x80002f58 (0x00060513) x10 0x0000000d
0x80002f5c (0x00060e63)
0x80002f60 (0x00c586b3) x13 0x80020b45
0x80002f64 (0x90000737) x14 0x90000000
0x80002f68 (0x0005c783) x15 0x00000068 mem 0x80020b38
0x80002f6c (0x00158593) x11 0x80020b39
0x80002f70 (0x00f70e23) mem 0x9000001c 0x68
0x80002f74 (0xfed59ae3)
0x80002f68 (0x0005c783) x15 0x00000065 mem 0x80020b39
0x80002f6c (0x00158593) x11 0x80020b3a
0x80002f70 (0x00f70e23) mem 0x9000001c 0x65
0x80002f74 (0xfed59ae3)
0x80002f68 (0x0005c783) x15 0x0000006c mem 0x80020b3a
0x80002f6c (0x00158593) x11 0x80020b3b
0x80002f70 (0x00f70e23) mem 0x9000001c 0x6c
0x80002f74 (0xfed59ae3)
0x80002f68 (0x0005c783) x15 0x0000006c mem 0x80020b3b
0x80002f6c (0x00158593) x11 0x80020b3c
0x80002f70 (0x00f70e23) mem 0x9000001c 0x6c
0x80002f74 (0xfed59ae3)
0x80002f68 (0x0005c783) x15 0x0000006f mem 0x80020b3c
0x80002f6c (0x00158593) x11 0x80020b3d
0x80002f70 (0x00f70e23) mem 0x9000001c 0x6f
0x80002f74 (0xfed59ae3)
0x80002f68 (0x0005c783) x15 0x00000020 mem 0x80020b3d
0x80002f6c (0x00158593) x11 0x80020b3e
0x80002f70 (0x00f70e23) mem 0x9000001c 0x20
0x80002f74 (0xfed59ae3)
0x80002f68 (0x0005c783) x15 0x00000077 mem 0x80020b3e
0x80002f6c (0x00158593) x11 0x80020b3f
0x80002f70 (0x00f70e23) mem 0x9000001c 0x77
0x80002f74 (0xfed59ae3)
0x80002f68 (0x0005c783) x15 0x0000006f mem 0x80020b3f
0x80002f6c (0x00158593) x11 0x80020b40
0x80002f70 (0x00f70e23) mem 0x9000001c 0x6f
0x80002f74 (0xfed59ae3)
0x80002f68 (0x0005c783) x15 0x00000072 mem 0x80020b40
0x80002f6c (0x00158593) x11 0x80020b41
0x80002f70 (0x00f70e23) mem 0x9000001c 0x72
0x80002f74 (0xfed59ae3)
0x80002f68 (0x0005c783) x15 0x0000006c mem 0x80020b41
0x80002f6c (0x00158593) x11 0x80020b42
0x80002f70 (0x00f70e23) mem 0x9000001c 0x6c
0x80002f74 (0xfed59ae3)
0x80002f68 (0x0005c783) x15 0x00000064 mem 0x80020b42
0x80002f6c (0x00158593) x11 0x80020b43
0x80002f70 (0x00f70e23) mem 0x9000001c 0x64
0x80002f74 (0xfed59ae3)
0x80002f68 (0x0005c783) x15 0x00000021 mem 0x80020b43
0x80002f6c (0x00158593) x11 0x80020b44
0x80002f70 (0x00f70e23) mem 0x9000001c 0x21
0x80002f74 (0xfed59ae3)
0x80002f68 (0x0005c783) x15 0x0000000a mem 0x80020b44
0x80002f6c (0x00158593) x11 0x80020b45
0x80002f70 (0x00f70e23) mem 0x9000001c 0x0a
0x80002f74 (0xfed59ae3)
0x80002f78 (0x00008067)
0x80001ea8 (0xfff00793) x15 0xffffffff
0x80001eac (0x00f50c63)
0x80001eb0 (0x00c12083) x1  0x80002368 mem 0x8003ff5c
0x80001eb4 (0x00812403) x8  0x80020394 mem 0x8003ff58
0x80001eb8 (0x00412483) x9  0x0000000d mem 0x8003ff54
0x80001ebc (0x01010113) x2  0x8003ff60
0x80001ec0 (0x00008067)
0x80002368 (0x40a484b3) x9  0x00000000
0x8000236c (0xfca04ee3)
0x80002348 (0x00a90933) x18 0x80020b45
0x8000234c (0xfa9052e3)
0x800022f0 (0x00000513) x10 0x00000000
0x800022f4 (0x01c12083) x1  0x800008a4 mem 0x8003ff7c
0x800022f8 (0x01812403) x8  0x80020394 mem 0x8003ff78
0x800022fc (0x01412483) x9  0x8003ffe0 mem 0x8003ff74
0x80002300 (0x01012903) x18 0x00000001 mem 0x8003ff70
0x80002304 (0x00c12983) x19 0x00000001 mem 0x8003ff6c
0x80002308 (0x02010113) x2  0x8003ff80
0x8000230c (0x00008067)
0x800008a4 (0xfa0500e3)
0x80000844 (0x008ba783) x15 0x00000001 mem 0x8003ffcc
0x80000848 (0x012c0c33) x24 0x8002003d
0x8000084c (0x412989b3) x19 0x00000000
0x80000850 (0x412787b3) x15 0x00000000
0x80000854 (0x00fba423) mem 0x8003ffcc 0x00000000
0x80000858 (0xf80796e3)
0x8000085c (0x00000513) x10 0x00000000
0x80000860 (0x02c12083) x1  0x80000128 mem 0x8003ffac
0x80000864 (0x02812403) x8  0x80020040 mem 0x8003ffa8
0x80000868 (0x02412483) x9  0x8002002c mem 0x8003ffa4
0x8000086c (0x02012903) x18 0x00000000 mem 0x8003ffa0
0x80000870 (0x01c12983) x19 0x00000000 mem 0x8003ff9c
0x80000874 (0x01812a03) x20 0x00000000 mem 0x8003ff98
0x80000878 (0x01412a83) x21 0x00000000 mem 0x8003ff94
0x8000087c (0x01012b03) x22 0x00000000 mem 0x8003ff90
0x80000880 (0x00c12b83) x23 0x00000000 mem 0x8003ff8c
0x80000884 (0x00812c03) x24 0x00000000 mem 0x8003ff88
0x80000888 (0x00412c83) x25 0x00000000 mem 0x8003ff84
0x8000088c (0x00012d03) x26 0x00000000 mem 0x8003ff80
0x80000890 (0x03010113) x2  0x8003ffb0
0x80000894 (0x00008067)
0x80000128 (0x03c12083) x1  0x80000080 mem 0x8003ffec
0x8000012c (0x03812403) x8  0x00000000 mem 0x8003ffe8
0x80000130 (0x00a03533) x10 0x00000000
0x80000134 (0x40a00533) x10 0x00000000
0x80000138 (0x03412483) x9  0x00000000 mem 0x8003ffe4
0x8000013c (0x00a56513) x10 0x0000000a
0x80000140 (0x04010113) x2  0x8003fff0
0x80000144 (0x00008067)
0x80000080 (0x00c12083) x1  0x80000048 mem 0x8003fffc
0x80000084 (0x00000513) x10 0x00000000
0x80000088 (0x01010113) x2  0x80040000
0x8000008c (0x00008067)
0x80000048 (0x7910206f)
0x80002fd8 (0x0ff57793) x15 0x00000000
0x80002fdc (0x90000737) x14 0x90000000
